<?xml version="1.0" encoding="UTF-8"?>
<testng-results ignored="0" total="1" passed="1" failed="0" skipped="0">
  <reporter-output>
  </reporter-output>
  <suite started-at="2023-03-30T15:01:35 IST" name="Suite" finished-at="2023-03-30T15:01:42 IST" duration-ms="7879">
    <groups>
    </groups>
    <test started-at="2023-03-30T15:01:35 IST" name="Test" finished-at="2023-03-30T15:01:42 IST" duration-ms="7879">
      <class name="com.autoZoneAutomationProject.TestCases.SmokeTestCase">
        <test-method is-config="true" signature="LaunchBrowser(java.lang.String)[pri:0, instance:com.autoZoneAutomationProject.TestCases.SmokeTestCase@47caedad]" started-at="2023-03-30T15:01:35 IST" name="LaunchBrowser" finished-at="2023-03-30T15:01:37 IST" duration-ms="2389" status="PASS">
          <params>
            <param index="0">
              <value>
                <![CDATA[chrome]]>
              </value>
            </param>
          </params>
          <reporter-output>
          </reporter-output>
        </test-method> <!-- LaunchBrowser -->
        <test-method signature="navigateToURL()[pri:0, instance:com.autoZoneAutomationProject.TestCases.SmokeTestCase@47caedad]" started-at="2023-03-30T15:01:37 IST" name="navigateToURL" finished-at="2023-03-30T15:01:42 IST" duration-ms="4667" status="PASS">
          <reporter-output>
          </reporter-output>
        </test-method> <!-- navigateToURL -->
        <test-method is-config="true" signature="killDriver()[pri:0, instance:com.autoZoneAutomationProject.TestCases.SmokeTestCase@47caedad]" started-at="2023-03-30T15:01:42 IST" name="killDriver" finished-at="2023-03-30T15:01:42 IST" duration-ms="272" status="PASS">
          <reporter-output>
          </reporter-output>
        </test-method> <!-- killDriver -->
      </class> <!-- com.autoZoneAutomationProject.TestCases.SmokeTestCase -->
    </test> <!-- Test -->
  </suite> <!-- Suite -->
</testng-results>
